{"error":"You have an error in your SQL syntax; check the manual that corresponds to your MySQL server version for the right syntax to use near ')' at line 1","level":"error","message":"fetching carted products model","timestamp":"2023-12-08 12:56:55"}
{"error":"You have an error in your SQL syntax; check the manual that corresponds to your MySQL server version for the right syntax to use near ')' at line 1","level":"error","message":"fetching carted products model","timestamp":"2023-12-08 12:56:55"}
{"error":"You have an error in your SQL syntax; check the manual that corresponds to your MySQL server version for the right syntax to use near ')' at line 1","level":"error","message":"fetching carted products model","timestamp":"2023-12-08 12:58:44"}
{"error":"You have an error in your SQL syntax; check the manual that corresponds to your MySQL server version for the right syntax to use near ')' at line 1","level":"error","message":"fetching carted products model","timestamp":"2023-12-08 12:58:44"}
{"error":"You have an error in your SQL syntax; check the manual that corresponds to your MySQL server version for the right syntax to use near ')' at line 1","level":"error","message":"fetching carted products model","timestamp":"2023-12-08 13:00:06"}
{"error":"You have an error in your SQL syntax; check the manual that corresponds to your MySQL server version for the right syntax to use near ')' at line 1","level":"error","message":"fetching carted products model","timestamp":"2023-12-08 13:00:06"}
{"error":"You have an error in your SQL syntax; check the manual that corresponds to your MySQL server version for the right syntax to use near ')' at line 1","level":"error","message":"fetching carted products model","timestamp":"2023-12-08 13:00:16"}
{"error":"You have an error in your SQL syntax; check the manual that corresponds to your MySQL server version for the right syntax to use near ')' at line 1","level":"error","message":"fetching carted products model","timestamp":"2023-12-08 13:00:16"}
{"error":"You have an error in your SQL syntax; check the manual that corresponds to your MySQL server version for the right syntax to use near 'idproudcts =EmofNV5gvkM8pIA1QJ0sjor idproudcts =NfE_eTA7yf9rMCt95xBNoor idproudc' at line 1","level":"error","message":"fetching carted products model","timestamp":"2023-12-08 13:10:22"}
{"error":"You have an error in your SQL syntax; check the manual that corresponds to your MySQL server version for the right syntax to use near 'idproudcts =EmofNV5gvkM8pIA1QJ0sjor idproudcts =NfE_eTA7yf9rMCt95xBNoor idproudc' at line 1","level":"error","message":"fetching carted products model","timestamp":"2023-12-08 13:10:22"}
{"error":"You have an error in your SQL syntax; check the manual that corresponds to your MySQL server version for the right syntax to use near 'idproudct =EmofNV5gvkM8pIA1QJ0sjor idproudct =NfE_eTA7yf9rMCt95xBNoor idproudct ' at line 1","level":"error","message":"fetching carted products model","timestamp":"2023-12-08 13:11:16"}
{"error":"You have an error in your SQL syntax; check the manual that corresponds to your MySQL server version for the right syntax to use near 'idproudct =EmofNV5gvkM8pIA1QJ0sjor idproudct =NfE_eTA7yf9rMCt95xBNoor idproudct ' at line 1","level":"error","message":"fetching carted products model","timestamp":"2023-12-08 13:11:16"}
{"error":"You have an error in your SQL syntax; check the manual that corresponds to your MySQL server version for the right syntax to use near 'idproduct =EmofNV5gvkM8pIA1QJ0sjor idproduct =NfE_eTA7yf9rMCt95xBNoor idproduct ' at line 1","level":"error","message":"fetching carted products model","timestamp":"2023-12-08 13:11:54"}
{"error":"You have an error in your SQL syntax; check the manual that corresponds to your MySQL server version for the right syntax to use near 'idproduct =EmofNV5gvkM8pIA1QJ0sjor idproduct =NfE_eTA7yf9rMCt95xBNoor idproduct ' at line 1","level":"error","message":"fetching carted products model","timestamp":"2023-12-08 13:11:54"}
{"error":"Unknown column 'NWdB4_vMuJY6ALjhMxEzO' in 'where clause'","level":"error","message":"fetching carted products model","timestamp":"2023-12-08 13:13:49"}
{"error":"Unknown column 'NWdB4_vMuJY6ALjhMxEzO' in 'where clause'","level":"error","message":"fetching carted products model","timestamp":"2023-12-08 13:13:49"}
{"error":"Unknown column 'NWdB4_vMuJY6ALjhMxEzO' in 'where clause'","level":"error","message":"fetching carted products model","timestamp":"2023-12-08 13:17:24"}
{"error":"Unknown column 'NWdB4_vMuJY6ALjhMxEzO' in 'where clause'","level":"error","message":"fetching carted products model","timestamp":"2023-12-08 13:17:25"}
{"error":"Unknown column 'NWdB4_vMuJY6ALjhMxEzO' in 'where clause'","level":"error","message":"fetching carted products model","timestamp":"2023-12-08 13:17:49"}
{"error":"Unknown column 'NWdB4_vMuJY6ALjhMxEzO' in 'where clause'","level":"error","message":"fetching carted products model","timestamp":"2023-12-08 13:17:49"}
{"error":"Unknown column 'NWdB4_vMuJY6ALjhMxEzO' in 'where clause'","level":"error","message":"fetching carted products model","timestamp":"2023-12-08 13:18:13"}
{"error":"Unknown column 'NWdB4_vMuJY6ALjhMxEzO' in 'where clause'","level":"error","message":"fetching carted products model","timestamp":"2023-12-08 13:18:13"}
{"error":"Unknown column 'NWdB4_vMuJY6ALjhMxEzO' in 'where clause'","level":"error","message":"fetching carted products model","timestamp":"2023-12-08 13:19:44"}
{"error":"Unknown column 'NWdB4_vMuJY6ALjhMxEzO' in 'where clause'","level":"error","message":"fetching carted products model","timestamp":"2023-12-08 13:19:44"}
{"error":"Unknown column 'NWdB4_vMuJY6ALjhMxEzO' in 'where clause'","level":"error","message":"fetching carted products model","timestamp":"2023-12-08 13:21:53"}
{"error":"Unknown column 'NWdB4_vMuJY6ALjhMxEzO' in 'where clause'","level":"error","message":"fetching carted products model","timestamp":"2023-12-08 13:21:53"}
{"error":"Unknown column 'NWdB4_vMuJY6ALjhMxEzO' in 'where clause'","level":"error","message":"fetching carted products model","timestamp":"2023-12-08 13:22:41"}
{"error":"Unknown column 'NWdB4_vMuJY6ALjhMxEzO' in 'where clause'","level":"error","message":"fetching carted products model","timestamp":"2023-12-08 13:22:41"}
{"error":"jwt expired","level":"error","message":"verifying a token","timestamp":"2023-12-09 13:10:39"}
{"error":"jwt expired","level":"error","message":"verifying a token","timestamp":"2023-12-09 13:10:54"}
{"error":"connect ECONNREFUSED ::1:3306","level":"error","message":"get products controller","timestamp":"2023-12-09 18:11:15"}
{"error":"connect ECONNREFUSED ::1:3306","level":"error","message":"get products controller","timestamp":"2023-12-09 18:11:33"}
{"error":"connect ECONNREFUSED ::1:3306","level":"error","message":"fetch by type controller","timestamp":"2023-12-09 18:11:36"}
{"error":"connect ECONNREFUSED ::1:3306","level":"error","message":"fetch by type controller","timestamp":"2023-12-09 18:11:36"}
{"error":"connect ECONNREFUSED ::1:3306","level":"error","message":"login in userController","timestamp":"2023-12-09 18:11:46"}
{"error":"connect ECONNREFUSED ::1:3306","level":"error","message":"login in userController","timestamp":"2023-12-09 18:12:01"}
{"error":"connect ECONNREFUSED ::1:3306","level":"error","message":"fetch by type controller","timestamp":"2023-12-09 18:12:58"}
{"error":"connect ECONNREFUSED ::1:3306","level":"error","message":"get products controller","timestamp":"2023-12-09 18:12:58"}
{"error":"connect ECONNREFUSED ::1:3306","level":"error","message":"login in userController","timestamp":"2023-12-09 18:12:58"}
{"error":"connect ECONNREFUSED ::1:3306","level":"error","message":"login in userController","timestamp":"2023-12-09 18:12:58"}
{"error":"connect ECONNREFUSED ::1:3306","level":"error","message":"fetch by type controller","timestamp":"2023-12-09 18:12:58"}
{"error":"connect ECONNREFUSED ::1:3306","level":"error","message":"login in userController","timestamp":"2023-12-09 18:13:23"}
{"error":"connect ECONNREFUSED ::1:3306","level":"error","message":"login in userController","timestamp":"2023-12-09 18:13:31"}
{"error":"connect ECONNREFUSED ::1:3306","level":"error","message":"get products controller","timestamp":"2023-12-09 18:14:23"}
{"error":"Unknown column 'quantity' in 'field list'","level":"error","message":"setting quantity","timestamp":"2023-12-11 10:36:35"}
{"error":"Table 'techxus.cart' doesn't exist","level":"error","message":"fetching carted products model","timestamp":"2023-12-11 10:37:49"}
{"error":"Table 'techxus.cart' doesn't exist","level":"error","message":"fetching carted products model","timestamp":"2023-12-11 10:37:49"}
{"error":"You have an error in your SQL syntax; check the manual that corresponds to your MySQL server version for the right syntax to use near 'and cart WHERE idproduct IN ('2YC0rFSNVCNBLPVMGkWl5','EmofNV5gvkM8pIA1QJ0sj','I5' at line 1","level":"error","message":"fetching carted products model","timestamp":"2023-12-11 10:54:45"}
{"error":"Column 'idproduct' in where clause is ambiguous","level":"error","message":"fetching carted products model","timestamp":"2023-12-11 10:56:42"}
{"error":"You have an error in your SQL syntax; check the manual that corresponds to your MySQL server version for the right syntax to use near 'idcart = NULL' at line 1","level":"error","message":"Deleting item in cart","timestamp":"2023-12-13 12:38:33"}
{"error":"You have an error in your SQL syntax; check the manual that corresponds to your MySQL server version for the right syntax to use near 'idcart = NULL' at line 1","level":"error","message":"Deleting item in cart","timestamp":"2023-12-13 12:38:43"}
{"error":"You have an error in your SQL syntax; check the manual that corresponds to your MySQL server version for the right syntax to use near 'idcart = '1'' at line 1","level":"error","message":"Deleting item in cart","timestamp":"2023-12-13 12:39:23"}
{"error":"You have an error in your SQL syntax; check the manual that corresponds to your MySQL server version for the right syntax to use near ')' at line 1","level":"error","message":"fetching carted products model","timestamp":"2023-12-13 12:43:54"}
{"error":"You have an error in your SQL syntax; check the manual that corresponds to your MySQL server version for the right syntax to use near ')' at line 1","level":"error","message":"fetching carted products model","timestamp":"2023-12-13 12:43:55"}
{"error":"You have an error in your SQL syntax; check the manual that corresponds to your MySQL server version for the right syntax to use near ')' at line 1","level":"error","message":"fetching carted products model","timestamp":"2023-12-13 12:43:55"}
{"error":"You have an error in your SQL syntax; check the manual that corresponds to your MySQL server version for the right syntax to use near ')' at line 1","level":"error","message":"fetching carted products model","timestamp":"2023-12-13 12:44:33"}
{"error":"You have an error in your SQL syntax; check the manual that corresponds to your MySQL server version for the right syntax to use near ')' at line 1","level":"error","message":"fetching carted products model","timestamp":"2023-12-13 12:44:34"}
{"error":"You have an error in your SQL syntax; check the manual that corresponds to your MySQL server version for the right syntax to use near ')' at line 1","level":"error","message":"fetching carted products model","timestamp":"2023-12-13 12:44:37"}
{"error":"Column count doesn't match value count at row 1","level":"error","message":"adding product to cart model","timestamp":"2023-12-13 12:51:12"}
{"error":"Column count doesn't match value count at row 1","level":"error","message":"adding product to cart model","timestamp":"2023-12-13 12:51:14"}
{"error":"Column count doesn't match value count at row 1","level":"error","message":"adding product to cart model","timestamp":"2023-12-13 12:51:44"}
{"error":"You have an error in your SQL syntax; check the manual that corresponds to your MySQL server version for the right syntax to use near ')' at line 1","level":"error","message":"adding product to cart model","timestamp":"2023-12-13 12:52:12"}
{"error":"You have an error in your SQL syntax; check the manual that corresponds to your MySQL server version for the right syntax to use near ')' at line 1","level":"error","message":"adding product to cart model","timestamp":"2023-12-13 12:52:12"}
{"error":"You have an error in your SQL syntax; check the manual that corresponds to your MySQL server version for the right syntax to use near ')' at line 1","level":"error","message":"adding product to cart model","timestamp":"2023-12-13 12:52:12"}
{"error":"You have an error in your SQL syntax; check the manual that corresponds to your MySQL server version for the right syntax to use near ')' at line 1","level":"error","message":"fetching carted products model","timestamp":"2023-12-13 12:53:01"}
{"error":"You have an error in your SQL syntax; check the manual that corresponds to your MySQL server version for the right syntax to use near ')' at line 1","level":"error","message":"fetching carted products model","timestamp":"2023-12-13 12:53:11"}
{"error":"You have an error in your SQL syntax; check the manual that corresponds to your MySQL server version for the right syntax to use near ')' at line 1","level":"error","message":"fetching carted products model","timestamp":"2023-12-13 12:53:11"}
{"error":"You have an error in your SQL syntax; check the manual that corresponds to your MySQL server version for the right syntax to use near ')' at line 1","level":"error","message":"fetching carted products model","timestamp":"2023-12-13 12:53:25"}
{"error":"You have an error in your SQL syntax; check the manual that corresponds to your MySQL server version for the right syntax to use near ')' at line 1","level":"error","message":"fetching carted products model","timestamp":"2023-12-13 12:53:57"}
{"error":"You have an error in your SQL syntax; check the manual that corresponds to your MySQL server version for the right syntax to use near ')' at line 1","level":"error","message":"fetching carted products model","timestamp":"2023-12-13 12:53:57"}
{"error":"You have an error in your SQL syntax; check the manual that corresponds to your MySQL server version for the right syntax to use near ')' at line 1","level":"error","message":"fetching carted products model","timestamp":"2023-12-13 12:54:25"}
{"error":"You have an error in your SQL syntax; check the manual that corresponds to your MySQL server version for the right syntax to use near ')' at line 1","level":"error","message":"fetching carted products model","timestamp":"2023-12-13 12:55:06"}
{"error":"You have an error in your SQL syntax; check the manual that corresponds to your MySQL server version for the right syntax to use near ')' at line 1","level":"error","message":"fetching carted products model","timestamp":"2023-12-13 12:55:06"}
{"error":"You have an error in your SQL syntax; check the manual that corresponds to your MySQL server version for the right syntax to use near ')' at line 1","level":"error","message":"fetching carted products model","timestamp":"2023-12-13 12:55:17"}
{"error":"You have an error in your SQL syntax; check the manual that corresponds to your MySQL server version for the right syntax to use near ')' at line 1","level":"error","message":"fetching carted products model","timestamp":"2023-12-13 12:56:23"}
{"error":"You have an error in your SQL syntax; check the manual that corresponds to your MySQL server version for the right syntax to use near ')' at line 1","level":"error","message":"fetching carted products model","timestamp":"2023-12-13 12:56:23"}
{"error":"You have an error in your SQL syntax; check the manual that corresponds to your MySQL server version for the right syntax to use near ')' at line 1","level":"error","message":"fetching carted products model","timestamp":"2023-12-13 12:56:47"}
{"error":"You have an error in your SQL syntax; check the manual that corresponds to your MySQL server version for the right syntax to use near ')' at line 1","level":"error","message":"fetching carted products model","timestamp":"2023-12-13 12:56:50"}
{"error":"You have an error in your SQL syntax; check the manual that corresponds to your MySQL server version for the right syntax to use near ')' at line 1","level":"error","message":"fetching carted products model","timestamp":"2023-12-13 12:56:58"}
{"error":"You have an error in your SQL syntax; check the manual that corresponds to your MySQL server version for the right syntax to use near ')' at line 1","level":"error","message":"fetching carted products model","timestamp":"2023-12-13 12:57:14"}
{"error":"You have an error in your SQL syntax; check the manual that corresponds to your MySQL server version for the right syntax to use near ')' at line 1","level":"error","message":"fetching carted products model","timestamp":"2023-12-13 12:57:26"}
{"error":"You have an error in your SQL syntax; check the manual that corresponds to your MySQL server version for the right syntax to use near ')' at line 1","level":"error","message":"fetching carted products model","timestamp":"2023-12-13 12:57:26"}
{"error":"You have an error in your SQL syntax; check the manual that corresponds to your MySQL server version for the right syntax to use near ')' at line 1","level":"error","message":"fetching carted products model","timestamp":"2023-12-13 12:57:51"}
{"error":"You have an error in your SQL syntax; check the manual that corresponds to your MySQL server version for the right syntax to use near ')' at line 1","level":"error","message":"fetching carted products model","timestamp":"2023-12-13 12:57:51"}
{"error":"You have an error in your SQL syntax; check the manual that corresponds to your MySQL server version for the right syntax to use near ')' at line 1","level":"error","message":"fetching carted products model","timestamp":"2023-12-13 12:57:56"}
{"error":"You have an error in your SQL syntax; check the manual that corresponds to your MySQL server version for the right syntax to use near ')' at line 1","level":"error","message":"fetching carted products model","timestamp":"2023-12-13 12:58:04"}
{"error":"You have an error in your SQL syntax; check the manual that corresponds to your MySQL server version for the right syntax to use near ')' at line 1","level":"error","message":"fetching carted products model","timestamp":"2023-12-13 12:58:19"}
{"error":"You have an error in your SQL syntax; check the manual that corresponds to your MySQL server version for the right syntax to use near ')' at line 1","level":"error","message":"fetching carted products model","timestamp":"2023-12-13 12:58:44"}
{"error":"You have an error in your SQL syntax; check the manual that corresponds to your MySQL server version for the right syntax to use near ')' at line 1","level":"error","message":"fetching carted products model","timestamp":"2023-12-13 12:58:45"}
{"error":"You have an error in your SQL syntax; check the manual that corresponds to your MySQL server version for the right syntax to use near ')' at line 1","level":"error","message":"fetching carted products model","timestamp":"2023-12-13 12:58:47"}
{"error":"You have an error in your SQL syntax; check the manual that corresponds to your MySQL server version for the right syntax to use near ')' at line 1","level":"error","message":"fetching carted products model","timestamp":"2023-12-13 12:58:48"}
{"error":"You have an error in your SQL syntax; check the manual that corresponds to your MySQL server version for the right syntax to use near ')' at line 1","level":"error","message":"fetching carted products model","timestamp":"2023-12-13 12:58:52"}
{"error":"You have an error in your SQL syntax; check the manual that corresponds to your MySQL server version for the right syntax to use near ')' at line 1","level":"error","message":"fetching carted products model","timestamp":"2023-12-13 12:58:54"}
{"error":"You have an error in your SQL syntax; check the manual that corresponds to your MySQL server version for the right syntax to use near ')' at line 1","level":"error","message":"fetching carted products model","timestamp":"2023-12-13 12:59:06"}
{"error":"You have an error in your SQL syntax; check the manual that corresponds to your MySQL server version for the right syntax to use near ')' at line 1","level":"error","message":"fetching carted products model","timestamp":"2023-12-13 12:59:19"}
{"error":"You have an error in your SQL syntax; check the manual that corresponds to your MySQL server version for the right syntax to use near ')' at line 1","level":"error","message":"fetching carted products model","timestamp":"2023-12-13 12:59:22"}
{"error":"You have an error in your SQL syntax; check the manual that corresponds to your MySQL server version for the right syntax to use near ')' at line 1","level":"error","message":"fetching carted products model","timestamp":"2023-12-13 12:59:22"}
{"error":"You have an error in your SQL syntax; check the manual that corresponds to your MySQL server version for the right syntax to use near ')' at line 1","level":"error","message":"fetching carted products model","timestamp":"2023-12-13 12:59:35"}
{"error":"You have an error in your SQL syntax; check the manual that corresponds to your MySQL server version for the right syntax to use near ')' at line 1","level":"error","message":"fetching carted products model","timestamp":"2023-12-13 13:01:08"}
{"error":"You have an error in your SQL syntax; check the manual that corresponds to your MySQL server version for the right syntax to use near ')' at line 1","level":"error","message":"fetching carted products model","timestamp":"2023-12-13 13:05:45"}
{"error":"You have an error in your SQL syntax; check the manual that corresponds to your MySQL server version for the right syntax to use near ')' at line 1","level":"error","message":"fetching carted products model","timestamp":"2023-12-13 13:05:55"}
{"error":"You have an error in your SQL syntax; check the manual that corresponds to your MySQL server version for the right syntax to use near ')' at line 1","level":"error","message":"fetching carted products model","timestamp":"2023-12-13 13:05:55"}
{"error":"You have an error in your SQL syntax; check the manual that corresponds to your MySQL server version for the right syntax to use near ')' at line 1","level":"error","message":"fetching carted products model","timestamp":"2023-12-13 13:06:14"}
{"error":"You have an error in your SQL syntax; check the manual that corresponds to your MySQL server version for the right syntax to use near ')' at line 1","level":"error","message":"fetching carted products model","timestamp":"2023-12-13 13:06:14"}
{"error":"You have an error in your SQL syntax; check the manual that corresponds to your MySQL server version for the right syntax to use near ')' at line 1","level":"error","message":"fetching carted products model","timestamp":"2023-12-13 13:06:46"}
{"error":"You have an error in your SQL syntax; check the manual that corresponds to your MySQL server version for the right syntax to use near ')' at line 1","level":"error","message":"fetching carted products model","timestamp":"2023-12-13 13:06:55"}
{"error":"You have an error in your SQL syntax; check the manual that corresponds to your MySQL server version for the right syntax to use near ')' at line 1","level":"error","message":"fetching carted products model","timestamp":"2023-12-13 13:06:55"}
{"error":"You have an error in your SQL syntax; check the manual that corresponds to your MySQL server version for the right syntax to use near ')' at line 1","level":"error","message":"fetching carted products model","timestamp":"2023-12-13 13:06:56"}
